2022-12-17T07:52:41+00:00 DEBUG POST: https://business-api.tiktok.com/open_api/v1.2/tbp/business_profile/store/update/

{"business_platform":"WOO_COMMERCE","external_business_id":"tt4b_woocommerce_6332ab808b0c2","net_gmv":[{"interval":"LIFETIME","max":0,"min":0,"unit":"CURRENCY"}],"net_order_count":[{"interval":"LIFETIME","max":0,"min":0,"unit":"COUNT"}],"tenure":{"min":80,"max":80,"unit":"DAYS"},"extra_data":"{\"version\":\"1.0.10\"}"}

2022-12-17T07:52:41+00:00 DEBUG Tt4b_Mapi_Class::mapi_post: Response: 

HTTP/1.1 200 OK
Server: nginx
Content-Type: application/json; charset=utf-8
Content-Length: 103
X-Api-Deprecation-Info: API for Business Version 1.3 is now live. To avoid disruption to your business, we recommend you migrate all calls to v1.3 as soon as possible. Please visit our migration guide for more details: https://ads.tiktok.com/marketing_api/docs?id=1740029169927169
X-Domain-Change-Info: We have moved to the new domain business-api.tiktok.com for API services after the Platform Upgrade on 09/30/2021. Please update all of your requests with the new domain if you haven't done so already. For more information, please visit https://ads.tiktok.com/marketing_api/docs?rid=esb88xalm6m&id=1709207085043713
X-Tt-Logid: 202212170752405BC7C6AA6497BF0C26FC
x-tt-trace-host: 01990dbe01996f270c69338069b3e98556106f7ce2e84b4a1f8c67605ffa0fad49d0c0e78313056e524ed525d78025c97cd53cef1811c96998285fc5969f3fda1bc3f6c26aed3702cb4ca3cd850b064e2ddd6887d3f97b018ee8baffbee0628b69a6f28bae12db53479a43ae5c2c168120
X-Origin-Response-Time: 18,104.88.70.102
X-Akamai-Request-ID: 57a1aa5.1043b459
Expires: Sat, 17 Dec 2022 07:52:41 GMT
Cache-Control: max-age=0, no-cache, no-store
Pragma: no-cache
Date: Sat, 17 Dec 2022 07:52:41 GMT
X-Cache: TCP_MISS from a23-56-239-142.deploy.akamaitechnologies.com (AkamaiGHost/10.10.3-45298580) (-)
Connection: close
X-Cache-Remote: TCP_MISS from a104-88-70-102.deploy.akamaitechnologies.com (AkamaiGHost/10.10.2-45048955) (-)
x-tt-trace-tag: id=16;cdn-cache=miss;type=dyn
Server-Timing: cdn-cache; desc=MISS, edge; dur=26, origin; dur=18
Server-Timing: inner; dur=8
X-Parent-Response-Time: 42,23.56.239.142

{"code":40104,"message":"The access_token is empty.","request_id":"202212170752405BC7C6AA6497BF0C26FC"}

