2022-12-28T01:49:18+00:00 DEBUG POST: https://business-api.tiktok.com/open_api/v1.2/tbp/business_profile/store/update/

{"business_platform":"WOO_COMMERCE","external_business_id":"tt4b_woocommerce_6332ab808b0c2","net_gmv":[{"interval":"LIFETIME","max":0,"min":0,"unit":"CURRENCY"}],"net_order_count":[{"interval":"LIFETIME","max":0,"min":0,"unit":"COUNT"}],"tenure":{"min":91,"max":91,"unit":"DAYS"},"extra_data":"{\"version\":\"1.0.10\"}"}

2022-12-28T01:49:19+00:00 DEBUG Tt4b_Mapi_Class::mapi_post: Response: 

HTTP/1.1 200 OK
Server: nginx
Content-Type: application/json; charset=utf-8
Content-Length: 103
X-Api-Deprecation-Info: API for Business Version 1.3 is now live. To avoid disruption to your business, we recommend you migrate all calls to v1.3 as soon as possible. Please visit our migration guide for more details: https://ads.tiktok.com/marketing_api/docs?id=1740029169927169
X-Domain-Change-Info: We have moved to the new domain business-api.tiktok.com for API services after the Platform Upgrade on 09/30/2021. Please update all of your requests with the new domain if you haven't done so already. For more information, please visit https://ads.tiktok.com/marketing_api/docs?rid=esb88xalm6m&id=1709207085043713
X-Tt-Logid: 2022122801491799C4C682E5FD1C2F8009
x-tt-trace-host: 01990dbe01996f270c69338069b3e98556c16750ca1d812afacd65fd5097c3c9c3732036e956cd92971056fb4db51784b31258b31512e25a4f3b13b66bc61811feaca8733c5c0242010b91d4da2a259cc4d6bd3e40430aad6871f1143fd824db7dd3a9ed0f64b412a3eea4a1083b1e7a16
X-Origin-Response-Time: 8,184.28.235.133
X-Akamai-Request-ID: 559c08ad.156ff679
Expires: Wed, 28 Dec 2022 01:49:19 GMT
Cache-Control: max-age=0, no-cache, no-store
Pragma: no-cache
Date: Wed, 28 Dec 2022 01:49:19 GMT
X-Cache: TCP_MISS from a23-56-239-109.deploy.akamaitechnologies.com (AkamaiGHost/10.10.3-45298580) (-)
Connection: close
X-Cache-Remote: TCP_MISS from a184-28-235-133.deploy.akamaitechnologies.com (AkamaiGHost/10.10.3-45298580) (-)
x-tt-trace-tag: id=16;cdn-cache=miss;type=dyn
Server-Timing: cdn-cache; desc=MISS, edge; dur=18, origin; dur=8
Server-Timing: inner; dur=4
X-Parent-Response-Time: 26,23.56.239.109

{"code":40104,"message":"The access_token is empty.","request_id":"2022122801491799C4C682E5FD1C2F8009"}

2022-12-28T01:51:44+00:00 DEBUG POST: https://business-api.tiktok.com/open_api/v1.2/tbp/business_profile/disconnect/

{"external_business_id":"tt4b_woocommerce_6332ab808b0c2","business_platform":"WOO_COMMERCE","is_setup_page":0,"app_id":"7147964133684871169"}

2022-12-28T01:51:44+00:00 DEBUG Tt4b_Mapi_Class::mapi_post: Response: 

HTTP/1.1 200 OK
Server: nginx
Content-Type: application/json; charset=utf-8
Content-Length: 103
X-Api-Deprecation-Info: API for Business Version 1.3 is now live. To avoid disruption to your business, we recommend you migrate all calls to v1.3 as soon as possible. Please visit our migration guide for more details: https://ads.tiktok.com/marketing_api/docs?id=1740029169927169
X-Domain-Change-Info: We have moved to the new domain business-api.tiktok.com for API services after the Platform Upgrade on 09/30/2021. Please update all of your requests with the new domain if you haven't done so already. For more information, please visit https://ads.tiktok.com/marketing_api/docs?rid=esb88xalm6m&id=1709207085043713
X-Tt-Logid: 202212280151430E0F202710AFB02E23DB
x-tt-trace-host: 01990dbe01996f270c69338069b3e98556e36655f140873dd94e74819f3774df51a69968d9eec7088e673f9beedfdeeaf4b1f50c7ed7e26f74290188f17d93131b24c8115bffb673b1c3e5d6e0dbd50b9f9aad9d0a3efeed9f38611a6301c97a94fbbe07a685b5efbaee090572626d5547
X-Origin-Response-Time: 9,23.200.218.93
X-Akamai-Request-ID: 6f4d8044.2a4b0606
Expires: Wed, 28 Dec 2022 01:51:44 GMT
Cache-Control: max-age=0, no-cache, no-store
Pragma: no-cache
Date: Wed, 28 Dec 2022 01:51:44 GMT
X-Cache: TCP_MISS from a23-56-239-84.deploy.akamaitechnologies.com (AkamaiGHost/10.10.3-45298580) (-)
Connection: close
X-Cache-Remote: TCP_MISS from a23-200-218-93.deploy.akamaitechnologies.com (AkamaiGHost/10.10.3-45298580) (-)
x-tt-trace-tag: id=16;cdn-cache=miss;type=dyn
Server-Timing: cdn-cache; desc=MISS, edge; dur=17, origin; dur=9
Server-Timing: inner; dur=4
X-Parent-Response-Time: 25,23.56.239.84

{"code":40104,"message":"The access_token is empty.","request_id":"202212280151430E0F202710AFB02E23DB"}

